mode: set
github.com/brianshepanek/turnbull/generator/jen/generator.go:22.84,39.2 6 1
github.com/brianshepanek/turnbull/generator/jen/generator.go:41.90,45.16 2 0
github.com/brianshepanek/turnbull/generator/jen/generator.go:50.2,52.12 2 0
github.com/brianshepanek/turnbull/generator/jen/generator.go:45.16,47.3 1 0
github.com/brianshepanek/turnbull/generator/jen/generator.go:55.101,59.16 2 0
github.com/brianshepanek/turnbull/generator/jen/generator.go:64.2,66.12 2 0
github.com/brianshepanek/turnbull/generator/jen/generator.go:59.16,61.3 1 0
github.com/brianshepanek/turnbull/generator/jen/generator.go:69.100,73.16 2 0
github.com/brianshepanek/turnbull/generator/jen/generator.go:78.2,80.12 2 0
github.com/brianshepanek/turnbull/generator/jen/generator.go:73.16,75.3 1 0
github.com/brianshepanek/turnbull/generator/jen/generator.go:83.101,87.16 2 0
github.com/brianshepanek/turnbull/generator/jen/generator.go:92.2,94.12 2 0
github.com/brianshepanek/turnbull/generator/jen/generator.go:87.16,89.3 1 0
github.com/brianshepanek/turnbull/generator/jen/interface/repository/scribble/interface_respository.go:36.137,42.2 1 1
github.com/brianshepanek/turnbull/generator/jen/interface/repository/scribble/interface_respository.go:44.101,48.16 2 1
github.com/brianshepanek/turnbull/generator/jen/interface/repository/scribble/interface_respository.go:51.2,55.16 3 1
github.com/brianshepanek/turnbull/generator/jen/interface/repository/scribble/interface_respository.go:58.2,62.16 3 1
github.com/brianshepanek/turnbull/generator/jen/interface/repository/scribble/interface_respository.go:65.2,68.46 2 1
github.com/brianshepanek/turnbull/generator/jen/interface/repository/scribble/interface_respository.go:79.2,79.15 1 1
github.com/brianshepanek/turnbull/generator/jen/interface/repository/scribble/interface_respository.go:48.16,50.3 1 0
github.com/brianshepanek/turnbull/generator/jen/interface/repository/scribble/interface_respository.go:55.16,57.3 1 0
github.com/brianshepanek/turnbull/generator/jen/interface/repository/scribble/interface_respository.go:62.16,64.3 1 0
github.com/brianshepanek/turnbull/generator/jen/interface/repository/scribble/interface_respository.go:68.46,72.17 2 1
github.com/brianshepanek/turnbull/generator/jen/interface/repository/scribble/interface_respository.go:75.3,75.17 1 1
github.com/brianshepanek/turnbull/generator/jen/interface/repository/scribble/interface_respository.go:72.17,74.4 1 0
github.com/brianshepanek/turnbull/generator/jen/interface/repository/scribble/interface_respository.go:82.110,102.2 4 1
github.com/brianshepanek/turnbull/generator/jen/interface/repository/scribble/interface_respository.go:104.126,111.16 3 1
github.com/brianshepanek/turnbull/generator/jen/interface/repository/scribble/interface_respository.go:115.2,119.16 3 1
github.com/brianshepanek/turnbull/generator/jen/interface/repository/scribble/interface_respository.go:122.2,128.18 3 1
github.com/brianshepanek/turnbull/generator/jen/interface/repository/scribble/interface_respository.go:111.16,113.3 1 0
github.com/brianshepanek/turnbull/generator/jen/interface/repository/scribble/interface_respository.go:119.16,121.3 1 0
github.com/brianshepanek/turnbull/generator/jen/interface/repository/scribble/interface_respository.go:132.139,142.16 4 1
github.com/brianshepanek/turnbull/generator/jen/interface/repository/scribble/interface_respository.go:147.2,148.16 2 1
github.com/brianshepanek/turnbull/generator/jen/interface/repository/scribble/interface_respository.go:153.2,154.16 2 1
github.com/brianshepanek/turnbull/generator/jen/interface/repository/scribble/interface_respository.go:158.2,181.18 6 1
github.com/brianshepanek/turnbull/generator/jen/interface/repository/scribble/interface_respository.go:142.16,144.3 1 0
github.com/brianshepanek/turnbull/generator/jen/interface/repository/scribble/interface_respository.go:148.16,150.3 1 0
github.com/brianshepanek/turnbull/generator/jen/interface/repository/scribble/interface_respository.go:154.16,156.3 1 0
github.com/brianshepanek/turnbull/generator/jen/interface/repository/scribble/interface_respository.go:185.147,193.61 4 1
github.com/brianshepanek/turnbull/generator/jen/interface/repository/scribble/interface_respository.go:208.2,208.67 1 1
github.com/brianshepanek/turnbull/generator/jen/interface/repository/scribble/interface_respository.go:224.2,228.16 3 1
github.com/brianshepanek/turnbull/generator/jen/interface/repository/scribble/interface_respository.go:231.2,243.21 5 1
github.com/brianshepanek/turnbull/generator/jen/interface/repository/scribble/interface_respository.go:261.2,263.18 2 1
github.com/brianshepanek/turnbull/generator/jen/interface/repository/scribble/interface_respository.go:193.61,199.17 3 1
github.com/brianshepanek/turnbull/generator/jen/interface/repository/scribble/interface_respository.go:204.3,204.44 1 1
github.com/brianshepanek/turnbull/generator/jen/interface/repository/scribble/interface_respository.go:199.17,201.4 1 0
github.com/brianshepanek/turnbull/generator/jen/interface/repository/scribble/interface_respository.go:208.67,214.17 3 1
github.com/brianshepanek/turnbull/generator/jen/interface/repository/scribble/interface_respository.go:219.3,219.50 1 1
github.com/brianshepanek/turnbull/generator/jen/interface/repository/scribble/interface_respository.go:214.17,216.4 1 0
github.com/brianshepanek/turnbull/generator/jen/interface/repository/scribble/interface_respository.go:228.16,230.3 1 0
github.com/brianshepanek/turnbull/generator/jen/interface/repository/scribble/interface_respository.go:244.16,245.96 1 1
github.com/brianshepanek/turnbull/generator/jen/interface/repository/scribble/interface_respository.go:246.14,247.94 1 1
github.com/brianshepanek/turnbull/generator/jen/interface/repository/scribble/interface_respository.go:248.14,249.94 1 1
github.com/brianshepanek/turnbull/generator/jen/interface/repository/scribble/interface_respository.go:250.13,251.93 1 1
github.com/brianshepanek/turnbull/generator/jen/interface/repository/scribble/interface_respository.go:252.16,253.96 1 1
github.com/brianshepanek/turnbull/generator/jen/interface/repository/scribble/interface_respository.go:254.15,255.95 1 1
github.com/brianshepanek/turnbull/generator/jen/interface/repository/scribble/interface_respository.go:257.10,257.10 0 0
github.com/brianshepanek/turnbull/generator/jen/interface/repository/scribble/interface_respository.go:266.155,271.16 3 1
github.com/brianshepanek/turnbull/generator/jen/interface/repository/scribble/interface_respository.go:276.2,277.16 2 1
github.com/brianshepanek/turnbull/generator/jen/interface/repository/scribble/interface_respository.go:281.2,350.19 2 1
github.com/brianshepanek/turnbull/generator/jen/interface/repository/scribble/interface_respository.go:271.16,273.3 1 0
github.com/brianshepanek/turnbull/generator/jen/interface/repository/scribble/interface_respository.go:277.16,279.3 1 0
github.com/brianshepanek/turnbull/generator/jen/interface/repository/scribble/interface_respository.go:353.153,370.2 3 1
github.com/brianshepanek/turnbull/generator/jen/interface/repository/scribble/interface_respository.go:372.153,375.2 2 1
github.com/brianshepanek/turnbull/generator/jen/interface/repository/scribble/interface_respository.go:377.152,396.2 3 1
github.com/brianshepanek/turnbull/generator/jen/interface/repository/scribble/interface_respository.go:398.155,414.2 3 1
github.com/brianshepanek/turnbull/generator/jen/interface/repository/scribble/interface_respository.go:416.154,419.2 2 1
github.com/brianshepanek/turnbull/structure/structure.go:33.51,37.2 1 1
github.com/brianshepanek/turnbull/structure/structure.go:42.59,44.16 2 1
github.com/brianshepanek/turnbull/structure/structure.go:47.2,47.31 1 1
github.com/brianshepanek/turnbull/structure/structure.go:44.16,46.3 1 0
github.com/brianshepanek/turnbull/structure/structure.go:52.67,54.16 2 1
github.com/brianshepanek/turnbull/structure/structure.go:57.2,57.31 1 1
github.com/brianshepanek/turnbull/structure/structure.go:54.16,56.3 1 0
github.com/brianshepanek/turnbull/structure/structure.go:62.73,64.16 2 1
github.com/brianshepanek/turnbull/structure/structure.go:67.2,67.31 1 1
github.com/brianshepanek/turnbull/structure/structure.go:64.16,66.3 1 0
github.com/brianshepanek/turnbull/structure/structure.go:70.79,72.16 2 1
github.com/brianshepanek/turnbull/structure/structure.go:75.2,75.31 1 1
github.com/brianshepanek/turnbull/structure/structure.go:72.16,74.3 1 0
github.com/brianshepanek/turnbull/structure/structure.go:81.74,83.16 2 1
github.com/brianshepanek/turnbull/structure/structure.go:86.2,86.31 1 1
github.com/brianshepanek/turnbull/structure/structure.go:83.16,85.3 1 0
github.com/brianshepanek/turnbull/structure/structure.go:89.84,91.16 2 1
github.com/brianshepanek/turnbull/structure/structure.go:94.2,94.31 1 1
github.com/brianshepanek/turnbull/structure/structure.go:91.16,93.3 1 0
github.com/brianshepanek/turnbull/structure/structure.go:97.84,99.16 2 1
github.com/brianshepanek/turnbull/structure/structure.go:102.2,102.31 1 1
github.com/brianshepanek/turnbull/structure/structure.go:99.16,101.3 1 0
github.com/brianshepanek/turnbull/structure/structure.go:105.83,107.16 2 1
github.com/brianshepanek/turnbull/structure/structure.go:110.2,110.31 1 1
github.com/brianshepanek/turnbull/structure/structure.go:107.16,109.3 1 0
github.com/brianshepanek/turnbull/structure/structure.go:115.76,117.16 2 1
github.com/brianshepanek/turnbull/structure/structure.go:120.2,120.31 1 1
github.com/brianshepanek/turnbull/structure/structure.go:117.16,119.3 1 0
github.com/brianshepanek/turnbull/structure/structure.go:123.86,125.16 2 1
github.com/brianshepanek/turnbull/structure/structure.go:128.2,128.31 1 1
github.com/brianshepanek/turnbull/structure/structure.go:125.16,127.3 1 0
github.com/brianshepanek/turnbull/structure/structure.go:131.86,133.16 2 1
github.com/brianshepanek/turnbull/structure/structure.go:136.2,136.31 1 1
github.com/brianshepanek/turnbull/structure/structure.go:133.16,135.3 1 0
github.com/brianshepanek/turnbull/structure/structure.go:139.85,141.16 2 1
github.com/brianshepanek/turnbull/structure/structure.go:144.2,144.31 1 1
github.com/brianshepanek/turnbull/structure/structure.go:141.16,143.3 1 0
github.com/brianshepanek/turnbull/structure/structure.go:149.57,150.49 1 1
github.com/brianshepanek/turnbull/structure/structure.go:156.2,156.12 1 1
github.com/brianshepanek/turnbull/structure/structure.go:150.49,152.17 2 0
github.com/brianshepanek/turnbull/structure/structure.go:152.17,154.4 1 0
github.com/brianshepanek/turnbull/generator/jen/domain/entity.go:59.106,64.2 1 1
github.com/brianshepanek/turnbull/generator/jen/domain/entity.go:66.93,71.16 2 1
github.com/brianshepanek/turnbull/generator/jen/domain/entity.go:74.2,78.16 3 1
github.com/brianshepanek/turnbull/generator/jen/domain/entity.go:81.2,86.16 4 1
github.com/brianshepanek/turnbull/generator/jen/domain/entity.go:89.2,94.16 4 1
github.com/brianshepanek/turnbull/generator/jen/domain/entity.go:97.2,101.16 3 1
github.com/brianshepanek/turnbull/generator/jen/domain/entity.go:104.2,108.16 3 1
github.com/brianshepanek/turnbull/generator/jen/domain/entity.go:111.2,116.16 4 1
github.com/brianshepanek/turnbull/generator/jen/domain/entity.go:119.2,124.16 4 1
github.com/brianshepanek/turnbull/generator/jen/domain/entity.go:127.2,131.16 3 1
github.com/brianshepanek/turnbull/generator/jen/domain/entity.go:134.2,138.16 3 1
github.com/brianshepanek/turnbull/generator/jen/domain/entity.go:141.2,144.38 2 1
github.com/brianshepanek/turnbull/generator/jen/domain/entity.go:163.2,163.38 1 1
github.com/brianshepanek/turnbull/generator/jen/domain/entity.go:173.2,174.16 2 1
github.com/brianshepanek/turnbull/generator/jen/domain/entity.go:177.2,181.17 3 1
github.com/brianshepanek/turnbull/generator/jen/domain/entity.go:199.2,199.15 1 1
github.com/brianshepanek/turnbull/generator/jen/domain/entity.go:71.16,73.3 1 0
github.com/brianshepanek/turnbull/generator/jen/domain/entity.go:78.16,80.3 1 0
github.com/brianshepanek/turnbull/generator/jen/domain/entity.go:86.16,88.3 1 0
github.com/brianshepanek/turnbull/generator/jen/domain/entity.go:94.16,96.3 1 0
github.com/brianshepanek/turnbull/generator/jen/domain/entity.go:101.16,103.3 1 0
github.com/brianshepanek/turnbull/generator/jen/domain/entity.go:108.16,110.3 1 0
github.com/brianshepanek/turnbull/generator/jen/domain/entity.go:116.16,118.3 1 0
github.com/brianshepanek/turnbull/generator/jen/domain/entity.go:124.16,126.3 1 0
github.com/brianshepanek/turnbull/generator/jen/domain/entity.go:131.16,133.3 1 0
github.com/brianshepanek/turnbull/generator/jen/domain/entity.go:138.16,140.3 1 0
github.com/brianshepanek/turnbull/generator/jen/domain/entity.go:144.38,146.17 2 1
github.com/brianshepanek/turnbull/generator/jen/domain/entity.go:149.3,150.11 2 1
github.com/brianshepanek/turnbull/generator/jen/domain/entity.go:146.17,148.4 1 0
github.com/brianshepanek/turnbull/generator/jen/domain/entity.go:163.38,165.17 2 1
github.com/brianshepanek/turnbull/generator/jen/domain/entity.go:168.3,169.11 2 1
github.com/brianshepanek/turnbull/generator/jen/domain/entity.go:165.17,167.4 1 0
github.com/brianshepanek/turnbull/generator/jen/domain/entity.go:174.16,176.3 1 0
github.com/brianshepanek/turnbull/generator/jen/domain/entity.go:181.17,184.17 2 1
github.com/brianshepanek/turnbull/generator/jen/domain/entity.go:187.3,191.17 4 1
github.com/brianshepanek/turnbull/generator/jen/domain/entity.go:194.3,195.11 2 1
github.com/brianshepanek/turnbull/generator/jen/domain/entity.go:184.17,186.4 1 0
github.com/brianshepanek/turnbull/generator/jen/domain/entity.go:191.17,193.4 1 0
github.com/brianshepanek/turnbull/generator/jen/domain/entity.go:202.105,213.16 5 1
github.com/brianshepanek/turnbull/generator/jen/domain/entity.go:216.2,219.38 2 1
github.com/brianshepanek/turnbull/generator/jen/domain/entity.go:228.2,231.18 2 1
github.com/brianshepanek/turnbull/generator/jen/domain/entity.go:213.16,215.3 1 0
github.com/brianshepanek/turnbull/generator/jen/domain/entity.go:219.38,221.17 2 1
github.com/brianshepanek/turnbull/generator/jen/domain/entity.go:224.3,224.32 1 1
github.com/brianshepanek/turnbull/generator/jen/domain/entity.go:221.17,223.4 1 0
github.com/brianshepanek/turnbull/generator/jen/domain/entity.go:234.110,244.16 4 1
github.com/brianshepanek/turnbull/generator/jen/domain/entity.go:247.2,254.16 4 1
github.com/brianshepanek/turnbull/generator/jen/domain/entity.go:257.2,259.18 2 1
github.com/brianshepanek/turnbull/generator/jen/domain/entity.go:244.16,246.3 1 0
github.com/brianshepanek/turnbull/generator/jen/domain/entity.go:254.16,256.3 1 0
github.com/brianshepanek/turnbull/generator/jen/domain/entity.go:263.108,274.16 5 1
github.com/brianshepanek/turnbull/generator/jen/domain/entity.go:277.2,280.38 2 1
github.com/brianshepanek/turnbull/generator/jen/domain/entity.go:291.2,291.38 1 1
github.com/brianshepanek/turnbull/generator/jen/domain/entity.go:302.2,303.16 2 1
github.com/brianshepanek/turnbull/generator/jen/domain/entity.go:306.2,309.17 2 1
github.com/brianshepanek/turnbull/generator/jen/domain/entity.go:320.2,320.17 1 1
github.com/brianshepanek/turnbull/generator/jen/domain/entity.go:332.2,335.18 2 1
github.com/brianshepanek/turnbull/generator/jen/domain/entity.go:274.16,276.3 1 0
github.com/brianshepanek/turnbull/generator/jen/domain/entity.go:280.38,284.17 2 1
github.com/brianshepanek/turnbull/generator/jen/domain/entity.go:287.3,287.32 1 1
github.com/brianshepanek/turnbull/generator/jen/domain/entity.go:284.17,286.4 1 0
github.com/brianshepanek/turnbull/generator/jen/domain/entity.go:291.38,295.17 2 1
github.com/brianshepanek/turnbull/generator/jen/domain/entity.go:298.3,298.32 1 1
github.com/brianshepanek/turnbull/generator/jen/domain/entity.go:295.17,297.4 1 0
github.com/brianshepanek/turnbull/generator/jen/domain/entity.go:303.16,305.3 1 0
github.com/brianshepanek/turnbull/generator/jen/domain/entity.go:309.17,312.17 2 1
github.com/brianshepanek/turnbull/generator/jen/domain/entity.go:315.3,315.32 1 1
github.com/brianshepanek/turnbull/generator/jen/domain/entity.go:312.17,314.4 1 0
github.com/brianshepanek/turnbull/generator/jen/domain/entity.go:320.17,323.17 2 1
github.com/brianshepanek/turnbull/generator/jen/domain/entity.go:326.3,326.32 1 1
github.com/brianshepanek/turnbull/generator/jen/domain/entity.go:323.17,325.4 1 0
github.com/brianshepanek/turnbull/generator/jen/domain/entity.go:338.113,349.16 5 1
github.com/brianshepanek/turnbull/generator/jen/domain/entity.go:352.2,356.16 3 1
github.com/brianshepanek/turnbull/generator/jen/domain/entity.go:359.2,363.16 3 1
github.com/brianshepanek/turnbull/generator/jen/domain/entity.go:366.2,370.16 3 1
github.com/brianshepanek/turnbull/generator/jen/domain/entity.go:373.2,380.18 3 1
github.com/brianshepanek/turnbull/generator/jen/domain/entity.go:349.16,351.3 1 0
github.com/brianshepanek/turnbull/generator/jen/domain/entity.go:356.16,358.3 1 0
github.com/brianshepanek/turnbull/generator/jen/domain/entity.go:363.16,365.3 1 0
github.com/brianshepanek/turnbull/generator/jen/domain/entity.go:370.16,372.3 1 0
github.com/brianshepanek/turnbull/generator/jen/domain/entity.go:385.128,390.16 3 1
github.com/brianshepanek/turnbull/generator/jen/domain/entity.go:395.2,402.16 4 1
github.com/brianshepanek/turnbull/generator/jen/domain/entity.go:406.2,406.24 1 1
github.com/brianshepanek/turnbull/generator/jen/domain/entity.go:390.16,392.3 1 0
github.com/brianshepanek/turnbull/generator/jen/domain/entity.go:402.16,404.3 1 0
github.com/brianshepanek/turnbull/generator/jen/domain/entity.go:410.128,415.16 3 1
github.com/brianshepanek/turnbull/generator/jen/domain/entity.go:420.2,421.16 2 1
github.com/brianshepanek/turnbull/generator/jen/domain/entity.go:426.2,431.16 4 1
github.com/brianshepanek/turnbull/generator/jen/domain/entity.go:436.2,438.24 2 1
github.com/brianshepanek/turnbull/generator/jen/domain/entity.go:415.16,417.3 1 0
github.com/brianshepanek/turnbull/generator/jen/domain/entity.go:421.16,423.3 1 0
github.com/brianshepanek/turnbull/generator/jen/domain/entity.go:431.16,433.3 1 0
github.com/brianshepanek/turnbull/generator/jen/domain/entity.go:442.96,447.16 3 1
github.com/brianshepanek/turnbull/generator/jen/domain/entity.go:453.2,458.24 3 1
github.com/brianshepanek/turnbull/generator/jen/domain/entity.go:447.16,449.3 1 0
github.com/brianshepanek/turnbull/generator/jen/domain/entity.go:461.95,482.2 5 1
github.com/brianshepanek/turnbull/generator/jen/domain/entity.go:484.97,507.2 5 1
github.com/brianshepanek/turnbull/generator/jen/domain/entity.go:509.124,514.16 3 1
github.com/brianshepanek/turnbull/generator/jen/domain/entity.go:519.2,523.16 3 1
github.com/brianshepanek/turnbull/generator/jen/domain/entity.go:527.2,527.24 1 1
github.com/brianshepanek/turnbull/generator/jen/domain/entity.go:514.16,516.3 1 0
github.com/brianshepanek/turnbull/generator/jen/domain/entity.go:523.16,525.3 1 0
github.com/brianshepanek/turnbull/generator/jen/domain/entity.go:530.92,535.16 3 1
github.com/brianshepanek/turnbull/generator/jen/domain/entity.go:540.2,550.24 4 1
github.com/brianshepanek/turnbull/generator/jen/domain/entity.go:535.16,537.3 1 0
github.com/brianshepanek/turnbull/generator/jen/domain/entity.go:553.114,558.16 3 1
github.com/brianshepanek/turnbull/generator/jen/domain/entity.go:563.2,567.16 3 1
github.com/brianshepanek/turnbull/generator/jen/domain/entity.go:572.2,578.24 2 1
github.com/brianshepanek/turnbull/generator/jen/domain/entity.go:558.16,560.3 1 0
github.com/brianshepanek/turnbull/generator/jen/domain/entity.go:567.16,569.3 1 0
github.com/brianshepanek/turnbull/generator/jen/domain/entity.go:581.116,586.16 3 1
github.com/brianshepanek/turnbull/generator/jen/domain/entity.go:591.2,595.16 3 1
github.com/brianshepanek/turnbull/generator/jen/domain/entity.go:600.2,610.24 3 1
github.com/brianshepanek/turnbull/generator/jen/domain/entity.go:586.16,588.3 1 0
github.com/brianshepanek/turnbull/generator/jen/domain/entity.go:595.16,597.3 1 0
github.com/brianshepanek/turnbull/generator/jen/domain/entity.go:613.127,618.16 3 1
github.com/brianshepanek/turnbull/generator/jen/domain/entity.go:623.2,624.16 2 1
github.com/brianshepanek/turnbull/generator/jen/domain/entity.go:629.2,630.16 2 1
github.com/brianshepanek/turnbull/generator/jen/domain/entity.go:635.2,658.23 6 1
github.com/brianshepanek/turnbull/generator/jen/domain/entity.go:618.16,620.3 1 0
github.com/brianshepanek/turnbull/generator/jen/domain/entity.go:624.16,626.3 1 0
github.com/brianshepanek/turnbull/generator/jen/domain/entity.go:630.16,632.3 1 0
github.com/brianshepanek/turnbull/generator/jen/domain/entity.go:661.132,666.16 3 1
github.com/brianshepanek/turnbull/generator/jen/domain/entity.go:671.2,672.16 2 1
github.com/brianshepanek/turnbull/generator/jen/domain/entity.go:677.2,678.16 2 1
github.com/brianshepanek/turnbull/generator/jen/domain/entity.go:683.2,706.23 6 1
github.com/brianshepanek/turnbull/generator/jen/domain/entity.go:666.16,668.3 1 0
github.com/brianshepanek/turnbull/generator/jen/domain/entity.go:672.16,674.3 1 0
github.com/brianshepanek/turnbull/generator/jen/domain/entity.go:678.16,680.3 1 0
github.com/brianshepanek/turnbull/generator/jen/domain/entity.go:709.124,714.16 3 1
github.com/brianshepanek/turnbull/generator/jen/domain/entity.go:719.2,720.16 2 1
github.com/brianshepanek/turnbull/generator/jen/domain/entity.go:725.2,765.23 7 1
github.com/brianshepanek/turnbull/generator/jen/domain/entity.go:714.16,716.3 1 0
github.com/brianshepanek/turnbull/generator/jen/domain/entity.go:720.16,722.3 1 0
github.com/brianshepanek/turnbull/generator/jen/domain/entity.go:768.127,773.16 3 1
github.com/brianshepanek/turnbull/generator/jen/domain/entity.go:778.2,779.16 2 1
github.com/brianshepanek/turnbull/generator/jen/domain/entity.go:784.2,785.16 2 1
github.com/brianshepanek/turnbull/generator/jen/domain/entity.go:790.2,832.23 7 1
github.com/brianshepanek/turnbull/generator/jen/domain/entity.go:773.16,775.3 1 0
github.com/brianshepanek/turnbull/generator/jen/domain/entity.go:779.16,781.3 1 0
github.com/brianshepanek/turnbull/generator/jen/domain/entity.go:785.16,787.3 1 0
github.com/brianshepanek/turnbull/generator/jen/domain/entity.go:835.129,840.16 3 1
github.com/brianshepanek/turnbull/generator/jen/domain/entity.go:845.2,846.16 2 1
github.com/brianshepanek/turnbull/generator/jen/domain/entity.go:851.2,852.16 2 1
github.com/brianshepanek/turnbull/generator/jen/domain/entity.go:857.2,886.23 7 1
github.com/brianshepanek/turnbull/generator/jen/domain/entity.go:840.16,842.3 1 0
github.com/brianshepanek/turnbull/generator/jen/domain/entity.go:846.16,848.3 1 0
github.com/brianshepanek/turnbull/generator/jen/domain/entity.go:852.16,854.3 1 0
github.com/brianshepanek/turnbull/generator/jen/domain/entity.go:889.141,894.16 3 1
github.com/brianshepanek/turnbull/generator/jen/domain/entity.go:899.2,900.16 2 1
github.com/brianshepanek/turnbull/generator/jen/domain/entity.go:905.2,906.16 2 1
github.com/brianshepanek/turnbull/generator/jen/domain/entity.go:911.2,926.16 6 1
github.com/brianshepanek/turnbull/generator/jen/domain/entity.go:931.2,941.23 3 1
github.com/brianshepanek/turnbull/generator/jen/domain/entity.go:894.16,896.3 1 0
github.com/brianshepanek/turnbull/generator/jen/domain/entity.go:900.16,902.3 1 0
github.com/brianshepanek/turnbull/generator/jen/domain/entity.go:906.16,908.3 1 0
github.com/brianshepanek/turnbull/generator/jen/domain/entity.go:926.16,928.3 1 0
github.com/brianshepanek/turnbull/generator/jen/domain/entity.go:944.128,950.16 4 1
github.com/brianshepanek/turnbull/generator/jen/domain/entity.go:955.2,956.16 2 1
github.com/brianshepanek/turnbull/generator/jen/domain/entity.go:961.2,962.16 2 1
github.com/brianshepanek/turnbull/generator/jen/domain/entity.go:967.2,986.38 5 1
github.com/brianshepanek/turnbull/generator/jen/domain/entity.go:1009.2,1013.23 2 1
github.com/brianshepanek/turnbull/generator/jen/domain/entity.go:950.16,952.3 1 0
github.com/brianshepanek/turnbull/generator/jen/domain/entity.go:956.16,958.3 1 0
github.com/brianshepanek/turnbull/generator/jen/domain/entity.go:962.16,964.3 1 0
github.com/brianshepanek/turnbull/generator/jen/domain/entity.go:986.38,989.17 2 1
github.com/brianshepanek/turnbull/generator/jen/domain/entity.go:992.3,993.17 2 1
github.com/brianshepanek/turnbull/generator/jen/domain/entity.go:996.3,1004.4 1 1
github.com/brianshepanek/turnbull/generator/jen/domain/entity.go:989.17,991.4 1 0
github.com/brianshepanek/turnbull/generator/jen/domain/entity.go:993.17,995.4 1 0
github.com/brianshepanek/turnbull/generator/jen/domain/entity.go:1016.127,1023.16 3 1
github.com/brianshepanek/turnbull/generator/jen/domain/entity.go:1028.2,1054.38 8 1
github.com/brianshepanek/turnbull/generator/jen/domain/entity.go:1073.2,1091.23 2 1
github.com/brianshepanek/turnbull/generator/jen/domain/entity.go:1023.16,1025.3 1 0
github.com/brianshepanek/turnbull/generator/jen/domain/entity.go:1054.38,1058.17 2 1
github.com/brianshepanek/turnbull/generator/jen/domain/entity.go:1062.3,1063.17 2 1
github.com/brianshepanek/turnbull/generator/jen/domain/entity.go:1067.3,1068.70 2 1
github.com/brianshepanek/turnbull/generator/jen/domain/entity.go:1058.17,1060.4 1 0
github.com/brianshepanek/turnbull/generator/jen/domain/entity.go:1063.17,1065.4 1 0
github.com/brianshepanek/turnbull/generator/jen/domain/entity.go:1094.129,1101.16 3 1
github.com/brianshepanek/turnbull/generator/jen/domain/entity.go:1106.2,1134.38 8 1
github.com/brianshepanek/turnbull/generator/jen/domain/entity.go:1166.2,1204.57 6 1
github.com/brianshepanek/turnbull/generator/jen/domain/entity.go:1207.2,1218.23 3 1
github.com/brianshepanek/turnbull/generator/jen/domain/entity.go:1101.16,1103.3 1 0
github.com/brianshepanek/turnbull/generator/jen/domain/entity.go:1134.38,1138.17 2 1
github.com/brianshepanek/turnbull/generator/jen/domain/entity.go:1143.3,1144.17 2 1
github.com/brianshepanek/turnbull/generator/jen/domain/entity.go:1148.3,1149.17 2 1
github.com/brianshepanek/turnbull/generator/jen/domain/entity.go:1153.3,1161.4 2 1
github.com/brianshepanek/turnbull/generator/jen/domain/entity.go:1138.17,1140.4 1 0
github.com/brianshepanek/turnbull/generator/jen/domain/entity.go:1144.17,1146.4 1 0
github.com/brianshepanek/turnbull/generator/jen/domain/entity.go:1149.17,1151.4 1 0
github.com/brianshepanek/turnbull/generator/jen/domain/entity.go:1204.57,1206.3 1 1
github.com/brianshepanek/turnbull/generator/jen/domain/entity.go:1221.141,1226.16 3 1
github.com/brianshepanek/turnbull/generator/jen/domain/entity.go:1231.2,1232.16 2 1
github.com/brianshepanek/turnbull/generator/jen/domain/entity.go:1237.2,1238.16 2 1
github.com/brianshepanek/turnbull/generator/jen/domain/entity.go:1243.2,1260.16 6 1
github.com/brianshepanek/turnbull/generator/jen/domain/entity.go:1265.2,1272.23 2 1
github.com/brianshepanek/turnbull/generator/jen/domain/entity.go:1226.16,1228.3 1 0
github.com/brianshepanek/turnbull/generator/jen/domain/entity.go:1232.16,1234.3 1 0
github.com/brianshepanek/turnbull/generator/jen/domain/entity.go:1238.16,1240.3 1 0
github.com/brianshepanek/turnbull/generator/jen/domain/entity.go:1260.16,1262.3 1 0
github.com/brianshepanek/turnbull/generator/jen/domain/entity.go:1277.128,1282.16 3 1
github.com/brianshepanek/turnbull/generator/jen/domain/entity.go:1285.2,1286.16 2 1
github.com/brianshepanek/turnbull/generator/jen/domain/entity.go:1291.2,1295.16 3 1
github.com/brianshepanek/turnbull/generator/jen/domain/entity.go:1300.2,1302.24 2 1
github.com/brianshepanek/turnbull/generator/jen/domain/entity.go:1282.16,1284.3 1 0
github.com/brianshepanek/turnbull/generator/jen/domain/entity.go:1286.16,1288.3 1 0
github.com/brianshepanek/turnbull/generator/jen/domain/entity.go:1295.16,1297.3 1 0
github.com/brianshepanek/turnbull/generator/jen/usecase/usecase_presenter.go:26.135,32.2 1 1
github.com/brianshepanek/turnbull/generator/jen/usecase/usecase_presenter.go:33.99,38.16 2 1
github.com/brianshepanek/turnbull/generator/jen/usecase/usecase_presenter.go:41.2,45.16 3 1
github.com/brianshepanek/turnbull/generator/jen/usecase/usecase_presenter.go:48.2,50.15 2 1
github.com/brianshepanek/turnbull/generator/jen/usecase/usecase_presenter.go:38.16,40.3 1 0
github.com/brianshepanek/turnbull/generator/jen/usecase/usecase_presenter.go:45.16,47.3 1 0
github.com/brianshepanek/turnbull/generator/jen/usecase/usecase_presenter.go:53.124,60.40 3 1
github.com/brianshepanek/turnbull/generator/jen/usecase/usecase_presenter.go:73.2,77.16 3 1
github.com/brianshepanek/turnbull/generator/jen/usecase/usecase_presenter.go:80.2,85.18 3 1
github.com/brianshepanek/turnbull/generator/jen/usecase/usecase_presenter.go:60.40,64.17 2 1
github.com/brianshepanek/turnbull/generator/jen/usecase/usecase_presenter.go:69.3,69.40 1 1
github.com/brianshepanek/turnbull/generator/jen/usecase/usecase_presenter.go:64.17,66.4 1 0
github.com/brianshepanek/turnbull/generator/jen/usecase/usecase_presenter.go:77.16,79.3 1 0
github.com/brianshepanek/turnbull/generator/jen/usecase/usecase_presenter.go:89.151,97.60 4 1
github.com/brianshepanek/turnbull/generator/jen/usecase/usecase_presenter.go:112.2,112.66 1 1
github.com/brianshepanek/turnbull/generator/jen/usecase/usecase_presenter.go:128.2,129.16 2 1
github.com/brianshepanek/turnbull/generator/jen/usecase/usecase_presenter.go:132.2,142.18 4 1
github.com/brianshepanek/turnbull/generator/jen/usecase/usecase_presenter.go:97.60,103.17 3 1
github.com/brianshepanek/turnbull/generator/jen/usecase/usecase_presenter.go:108.3,108.44 1 1
github.com/brianshepanek/turnbull/generator/jen/usecase/usecase_presenter.go:103.17,105.4 1 0
github.com/brianshepanek/turnbull/generator/jen/usecase/usecase_presenter.go:112.66,118.17 3 1
github.com/brianshepanek/turnbull/generator/jen/usecase/usecase_presenter.go:123.3,123.50 1 1
github.com/brianshepanek/turnbull/generator/jen/usecase/usecase_presenter.go:118.17,120.4 1 0
github.com/brianshepanek/turnbull/generator/jen/usecase/usecase_presenter.go:129.16,131.3 1 0
github.com/brianshepanek/turnbull/generator/jen/usecase/usecase_repository.go:26.137,32.2 1 1
github.com/brianshepanek/turnbull/generator/jen/usecase/usecase_repository.go:33.101,38.16 2 1
github.com/brianshepanek/turnbull/generator/jen/usecase/usecase_repository.go:41.2,45.16 3 1
github.com/brianshepanek/turnbull/generator/jen/usecase/usecase_repository.go:48.2,50.15 2 1
github.com/brianshepanek/turnbull/generator/jen/usecase/usecase_repository.go:38.16,40.3 1 0
github.com/brianshepanek/turnbull/generator/jen/usecase/usecase_repository.go:45.16,47.3 1 0
github.com/brianshepanek/turnbull/generator/jen/usecase/usecase_repository.go:53.127,60.40 3 1
github.com/brianshepanek/turnbull/generator/jen/usecase/usecase_repository.go:73.2,77.16 3 1
github.com/brianshepanek/turnbull/generator/jen/usecase/usecase_repository.go:80.2,85.18 3 1
github.com/brianshepanek/turnbull/generator/jen/usecase/usecase_repository.go:60.40,64.17 2 1
github.com/brianshepanek/turnbull/generator/jen/usecase/usecase_repository.go:69.3,69.40 1 1
github.com/brianshepanek/turnbull/generator/jen/usecase/usecase_repository.go:64.17,66.4 1 0
github.com/brianshepanek/turnbull/generator/jen/usecase/usecase_repository.go:77.16,79.3 1 0
github.com/brianshepanek/turnbull/generator/jen/usecase/usecase_repository.go:89.154,97.61 4 1
github.com/brianshepanek/turnbull/generator/jen/usecase/usecase_repository.go:112.2,112.67 1 1
github.com/brianshepanek/turnbull/generator/jen/usecase/usecase_repository.go:128.2,129.16 2 1
github.com/brianshepanek/turnbull/generator/jen/usecase/usecase_repository.go:132.2,142.18 4 1
github.com/brianshepanek/turnbull/generator/jen/usecase/usecase_repository.go:97.61,103.17 3 1
github.com/brianshepanek/turnbull/generator/jen/usecase/usecase_repository.go:108.3,108.44 1 1
github.com/brianshepanek/turnbull/generator/jen/usecase/usecase_repository.go:103.17,105.4 1 0
github.com/brianshepanek/turnbull/generator/jen/usecase/usecase_repository.go:112.67,118.17 3 1
github.com/brianshepanek/turnbull/generator/jen/usecase/usecase_repository.go:123.3,123.50 1 1
github.com/brianshepanek/turnbull/generator/jen/usecase/usecase_repository.go:118.17,120.4 1 0
github.com/brianshepanek/turnbull/generator/jen/usecase/usecase_repository.go:129.16,131.3 1 0
github.com/brianshepanek/turnbull/generator/jen/usecase/usecase_interactor.go:29.137,35.2 1 1
github.com/brianshepanek/turnbull/generator/jen/usecase/usecase_interactor.go:36.101,41.16 2 1
github.com/brianshepanek/turnbull/generator/jen/usecase/usecase_interactor.go:44.2,48.16 3 1
github.com/brianshepanek/turnbull/generator/jen/usecase/usecase_interactor.go:51.2,55.16 3 1
github.com/brianshepanek/turnbull/generator/jen/usecase/usecase_interactor.go:58.2,62.16 3 1
github.com/brianshepanek/turnbull/generator/jen/usecase/usecase_interactor.go:65.2,68.40 2 1
github.com/brianshepanek/turnbull/generator/jen/usecase/usecase_interactor.go:79.2,79.15 1 1
github.com/brianshepanek/turnbull/generator/jen/usecase/usecase_interactor.go:41.16,43.3 1 0
github.com/brianshepanek/turnbull/generator/jen/usecase/usecase_interactor.go:48.16,50.3 1 0
github.com/brianshepanek/turnbull/generator/jen/usecase/usecase_interactor.go:55.16,57.3 1 0
github.com/brianshepanek/turnbull/generator/jen/usecase/usecase_interactor.go:62.16,64.3 1 0
github.com/brianshepanek/turnbull/generator/jen/usecase/usecase_interactor.go:68.40,72.17 2 1
github.com/brianshepanek/turnbull/generator/jen/usecase/usecase_interactor.go:75.3,75.19 1 1
github.com/brianshepanek/turnbull/generator/jen/usecase/usecase_interactor.go:72.17,74.4 1 0
github.com/brianshepanek/turnbull/generator/jen/usecase/usecase_interactor.go:82.124,93.16 5 1
github.com/brianshepanek/turnbull/generator/jen/usecase/usecase_interactor.go:96.2,100.16 3 1
github.com/brianshepanek/turnbull/generator/jen/usecase/usecase_interactor.go:104.2,105.16 2 1
github.com/brianshepanek/turnbull/generator/jen/usecase/usecase_interactor.go:109.2,110.16 2 1
github.com/brianshepanek/turnbull/generator/jen/usecase/usecase_interactor.go:115.2,116.16 2 1
github.com/brianshepanek/turnbull/generator/jen/usecase/usecase_interactor.go:120.2,121.16 2 1
github.com/brianshepanek/turnbull/generator/jen/usecase/usecase_interactor.go:125.2,126.16 2 1
github.com/brianshepanek/turnbull/generator/jen/usecase/usecase_interactor.go:131.2,145.18 4 1
github.com/brianshepanek/turnbull/generator/jen/usecase/usecase_interactor.go:93.16,95.3 1 0
github.com/brianshepanek/turnbull/generator/jen/usecase/usecase_interactor.go:100.16,102.3 1 0
github.com/brianshepanek/turnbull/generator/jen/usecase/usecase_interactor.go:105.16,107.3 1 0
github.com/brianshepanek/turnbull/generator/jen/usecase/usecase_interactor.go:110.16,112.3 1 0
github.com/brianshepanek/turnbull/generator/jen/usecase/usecase_interactor.go:116.16,118.3 1 0
github.com/brianshepanek/turnbull/generator/jen/usecase/usecase_interactor.go:121.16,123.3 1 0
github.com/brianshepanek/turnbull/generator/jen/usecase/usecase_interactor.go:126.16,128.3 1 0
github.com/brianshepanek/turnbull/generator/jen/usecase/usecase_interactor.go:149.127,156.40 3 1
github.com/brianshepanek/turnbull/generator/jen/usecase/usecase_interactor.go:169.2,173.16 3 1
github.com/brianshepanek/turnbull/generator/jen/usecase/usecase_interactor.go:176.2,181.18 3 1
github.com/brianshepanek/turnbull/generator/jen/usecase/usecase_interactor.go:156.40,160.17 2 1
github.com/brianshepanek/turnbull/generator/jen/usecase/usecase_interactor.go:165.3,165.40 1 1
github.com/brianshepanek/turnbull/generator/jen/usecase/usecase_interactor.go:160.17,162.4 1 0
github.com/brianshepanek/turnbull/generator/jen/usecase/usecase_interactor.go:173.16,175.3 1 0
github.com/brianshepanek/turnbull/generator/jen/usecase/usecase_interactor.go:185.137,195.16 4 1
github.com/brianshepanek/turnbull/generator/jen/usecase/usecase_interactor.go:198.2,202.16 3 1
github.com/brianshepanek/turnbull/generator/jen/usecase/usecase_interactor.go:206.2,207.16 2 1
github.com/brianshepanek/turnbull/generator/jen/usecase/usecase_interactor.go:212.2,213.16 2 1
github.com/brianshepanek/turnbull/generator/jen/usecase/usecase_interactor.go:217.2,218.16 2 1
github.com/brianshepanek/turnbull/generator/jen/usecase/usecase_interactor.go:223.2,224.16 2 1
github.com/brianshepanek/turnbull/generator/jen/usecase/usecase_interactor.go:229.2,230.16 2 1
github.com/brianshepanek/turnbull/generator/jen/usecase/usecase_interactor.go:235.2,253.18 2 1
github.com/brianshepanek/turnbull/generator/jen/usecase/usecase_interactor.go:195.16,197.3 1 0
github.com/brianshepanek/turnbull/generator/jen/usecase/usecase_interactor.go:202.16,204.3 1 0
github.com/brianshepanek/turnbull/generator/jen/usecase/usecase_interactor.go:207.16,209.3 1 0
github.com/brianshepanek/turnbull/generator/jen/usecase/usecase_interactor.go:213.16,215.3 1 0
github.com/brianshepanek/turnbull/generator/jen/usecase/usecase_interactor.go:218.16,220.3 1 0
github.com/brianshepanek/turnbull/generator/jen/usecase/usecase_interactor.go:224.16,226.3 1 0
github.com/brianshepanek/turnbull/generator/jen/usecase/usecase_interactor.go:230.16,232.3 1 0
github.com/brianshepanek/turnbull/generator/jen/usecase/usecase_interactor.go:257.156,266.61 4 1
github.com/brianshepanek/turnbull/generator/jen/usecase/usecase_interactor.go:282.2,282.67 1 1
github.com/brianshepanek/turnbull/generator/jen/usecase/usecase_interactor.go:288.2,288.60 1 1
github.com/brianshepanek/turnbull/generator/jen/usecase/usecase_interactor.go:306.2,306.66 1 1
github.com/brianshepanek/turnbull/generator/jen/usecase/usecase_interactor.go:322.2,323.16 2 1
github.com/brianshepanek/turnbull/generator/jen/usecase/usecase_interactor.go:328.2,329.16 2 1
github.com/brianshepanek/turnbull/generator/jen/usecase/usecase_interactor.go:333.2,334.16 2 1
github.com/brianshepanek/turnbull/generator/jen/usecase/usecase_interactor.go:339.2,340.16 2 1
github.com/brianshepanek/turnbull/generator/jen/usecase/usecase_interactor.go:344.2,345.16 2 1
github.com/brianshepanek/turnbull/generator/jen/usecase/usecase_interactor.go:350.2,351.16 2 1
github.com/brianshepanek/turnbull/generator/jen/usecase/usecase_interactor.go:356.2,409.18 7 1
github.com/brianshepanek/turnbull/generator/jen/usecase/usecase_interactor.go:266.61,272.17 3 1
github.com/brianshepanek/turnbull/generator/jen/usecase/usecase_interactor.go:277.3,278.75 2 1
github.com/brianshepanek/turnbull/generator/jen/usecase/usecase_interactor.go:272.17,274.4 1 0
github.com/brianshepanek/turnbull/generator/jen/usecase/usecase_interactor.go:282.67,286.3 1 1
github.com/brianshepanek/turnbull/generator/jen/usecase/usecase_interactor.go:288.60,291.68 3 1
github.com/brianshepanek/turnbull/generator/jen/usecase/usecase_interactor.go:300.3,300.15 1 1
github.com/brianshepanek/turnbull/generator/jen/usecase/usecase_interactor.go:303.3,303.57 1 1
github.com/brianshepanek/turnbull/generator/jen/usecase/usecase_interactor.go:291.68,292.84 1 1
github.com/brianshepanek/turnbull/generator/jen/usecase/usecase_interactor.go:292.84,294.52 2 0
github.com/brianshepanek/turnbull/generator/jen/usecase/usecase_interactor.go:297.5,297.30 1 0
github.com/brianshepanek/turnbull/generator/jen/usecase/usecase_interactor.go:294.52,296.6 1 0
github.com/brianshepanek/turnbull/generator/jen/usecase/usecase_interactor.go:300.15,302.4 1 1
github.com/brianshepanek/turnbull/generator/jen/usecase/usecase_interactor.go:306.66,312.17 3 1
github.com/brianshepanek/turnbull/generator/jen/usecase/usecase_interactor.go:317.3,317.50 1 1
github.com/brianshepanek/turnbull/generator/jen/usecase/usecase_interactor.go:312.17,314.4 1 0
github.com/brianshepanek/turnbull/generator/jen/usecase/usecase_interactor.go:323.16,325.3 1 0
github.com/brianshepanek/turnbull/generator/jen/usecase/usecase_interactor.go:329.16,331.3 1 0
github.com/brianshepanek/turnbull/generator/jen/usecase/usecase_interactor.go:334.16,336.3 1 0
github.com/brianshepanek/turnbull/generator/jen/usecase/usecase_interactor.go:340.16,342.3 1 0
github.com/brianshepanek/turnbull/generator/jen/usecase/usecase_interactor.go:345.16,347.3 1 0
github.com/brianshepanek/turnbull/generator/jen/usecase/usecase_interactor.go:351.16,353.3 1 0
github.com/brianshepanek/turnbull/generator/jen/usecase/usecase_interactor.go:413.154,422.61 4 1
github.com/brianshepanek/turnbull/generator/jen/usecase/usecase_interactor.go:437.2,437.66 1 1
github.com/brianshepanek/turnbull/generator/jen/usecase/usecase_interactor.go:453.2,454.16 2 1
github.com/brianshepanek/turnbull/generator/jen/usecase/usecase_interactor.go:457.2,467.18 4 1
github.com/brianshepanek/turnbull/generator/jen/usecase/usecase_interactor.go:422.61,428.17 3 1
github.com/brianshepanek/turnbull/generator/jen/usecase/usecase_interactor.go:433.3,433.44 1 1
github.com/brianshepanek/turnbull/generator/jen/usecase/usecase_interactor.go:428.17,430.4 1 0
github.com/brianshepanek/turnbull/generator/jen/usecase/usecase_interactor.go:437.66,443.17 3 1
github.com/brianshepanek/turnbull/generator/jen/usecase/usecase_interactor.go:448.3,448.50 1 1
github.com/brianshepanek/turnbull/generator/jen/usecase/usecase_interactor.go:443.17,445.4 1 0
github.com/brianshepanek/turnbull/generator/jen/usecase/usecase_interactor.go:454.16,456.3 1 0
